<?xml version="1.0" encoding="UTF-8"?>
<testsuite xmlns:xsi="http://www.w3.org/2001/XMLSchema-instance" xsi:noNamespaceSchemaLocation="https://maven.apache.org/surefire/maven-surefire-plugin/xsd/surefire-test-report.xsd" name="com.packagingandelivery.services.ChargeCalculationServiceTest" time="17.075" tests="3" errors="0" skipped="0" failures="0">
  <properties>
[...]
</properties>
  <testcase name="testCalculateChargeforComponentNonExistingComponent" classname="com.packagingandelivery.services.ChargeCalculationServiceTest" time="0.013"/>
  <testcase name="testCalculateChargeforComponentGeneralException" classname="com.packagingandelivery.services.ChargeCalculationServiceTest" time="0.018"/>
  <testcase name="testCalculateChargeforComponentExistingComponent" classname="com.packagingandelivery.services.ChargeCalculationServiceTest" time="0.037"/>
</testsuite>